2025-02-10T00:27:43.803092-0300 INFO Chamando função 'pipeline_calcular_kpi_vendas_consolidada' com args ('data', ['csv', 'parquet']) e kwargs {} log_decorator.py
2025-02-10T00:27:43.803695-0300 INFO Chamando função 'extrair_dados_e_consolidar' com args ('data',) e kwargs {} log_decorator.py
2025-02-10T00:27:43.938744-0300 INFO Função 'extrair_dados_e_consolidar' retornou             Produto    Categoria  Quantidade  Venda        Data
0    Notebook Gamer  Eletrônicos           3   1500  2023-01-15
1     Mouse Sem Fio  Eletrônicos          10     30  2023-01-15
2  Teclado Mecânico  Eletrônicos           5    100  2023-01-15
3    Notebook Gamer  Eletrônicos           7   1500  2023-01-16
4     Mouse Sem Fio  Eletrônicos          10     30  2023-01-16
5  Teclado Mecânico  Eletrônicos           3    100  2023-01-16
6    Notebook Gamer  Eletrônicos           2   1500  2023-01-17
7     Mouse Sem Fio  Eletrônicos          14     30  2023-01-17
8  Teclado Mecânico  Eletrônicos           2    100  2023-01-17 log_decorator.py
2025-02-10T00:27:43.954744-0300 INFO Chamando função 'calcular_kpi_total_vendas' com args (            Produto    Categoria  Quantidade  Venda        Data
0    Notebook Gamer  Eletrônicos           3   1500  2023-01-15
1     Mouse Sem Fio  Eletrônicos          10     30  2023-01-15
2  Teclado Mecânico  Eletrônicos           5    100  2023-01-15
3    Notebook Gamer  Eletrônicos           7   1500  2023-01-16
4     Mouse Sem Fio  Eletrônicos          10     30  2023-01-16
5  Teclado Mecânico  Eletrônicos           3    100  2023-01-16
6    Notebook Gamer  Eletrônicos           2   1500  2023-01-17
7     Mouse Sem Fio  Eletrônicos          14     30  2023-01-17
8  Teclado Mecânico  Eletrônicos           2    100  2023-01-17,) e kwargs {} log_decorator.py
2025-02-10T00:27:43.976747-0300 INFO Função 'calcular_kpi_total_vendas' retornou             Produto    Categoria  Quantidade  Venda        Data  Total
0    Notebook Gamer  Eletrônicos           3   1500  2023-01-15   4500
1     Mouse Sem Fio  Eletrônicos          10     30  2023-01-15    300
2  Teclado Mecânico  Eletrônicos           5    100  2023-01-15    500
3    Notebook Gamer  Eletrônicos           7   1500  2023-01-16  10500
4     Mouse Sem Fio  Eletrônicos          10     30  2023-01-16    300
5  Teclado Mecânico  Eletrônicos           3    100  2023-01-16    300
6    Notebook Gamer  Eletrônicos           2   1500  2023-01-17   3000
7     Mouse Sem Fio  Eletrônicos          14     30  2023-01-17    420
8  Teclado Mecânico  Eletrônicos           2    100  2023-01-17    200 log_decorator.py
2025-02-10T00:27:44.040739-0300 INFO Chamando função 'carregar_dados' com args (            Produto    Categoria  Quantidade  Venda        Data  Total
0    Notebook Gamer  Eletrônicos           3   1500  2023-01-15   4500
1     Mouse Sem Fio  Eletrônicos          10     30  2023-01-15    300
2  Teclado Mecânico  Eletrônicos           5    100  2023-01-15    500
3    Notebook Gamer  Eletrônicos           7   1500  2023-01-16  10500
4     Mouse Sem Fio  Eletrônicos          10     30  2023-01-16    300
5  Teclado Mecânico  Eletrônicos           3    100  2023-01-16    300
6    Notebook Gamer  Eletrônicos           2   1500  2023-01-17   3000
7     Mouse Sem Fio  Eletrônicos          14     30  2023-01-17    420
8  Teclado Mecânico  Eletrônicos           2    100  2023-01-17    200, ['csv', 'parquet']) e kwargs {} log_decorator.py
2025-02-10T00:27:44.069743-0300 ERROR Exceção capturada em 'carregar_dados': Unable to find a usable engine; tried using: 'pyarrow', 'fastparquet'.
A suitable version of pyarrow or fastparquet is required for parquet support.
Trying to import the above resulted in these errors:
 - Missing optional dependency 'pyarrow'. pyarrow is required for parquet support. Use pip or conda to install pyarrow.
 - Missing optional dependency 'fastparquet'. fastparquet is required for parquet support. Use pip or conda to install fastparquet. log_decorator.py
Traceback (most recent call last):

  File "D:\bootcamp-python\aula_9_bootcamp_python\pipeline.py", line 7, in <module>
    pipeline_calcular_kpi_vendas_consolidada(pasta,formato_saida)
    │                                        │     └ ['csv', 'parquet']
    │                                        └ 'data'
    └ <function pipeline_calcular_kpi_vendas_consolidada at 0x0000011967A6DA80>

  File "D:\bootcamp-python\aula_9_bootcamp_python\log_decorator.py", line 27, in wrapper
    result = func(*args, **kwargs)
             │     │       └ {}
             │     └ ('data', ['csv', 'parquet'])
             └ <function pipeline_calcular_kpi_vendas_consolidada at 0x0000011967A6D9E0>

  File "D:\bootcamp-python\aula_9_bootcamp_python\etl.py", line 34, in pipeline_calcular_kpi_vendas_consolidada
    carregar_dados(df_transformado, formato_saida)
    │              │                └ ['csv', 'parquet']
    │              └             Produto    Categoria  Quantidade  Venda        Data  Total
    │                0    Notebook Gamer  Eletrônicos           3   1500  2...
    └ <function carregar_dados at 0x0000011967A6D940>

> File "D:\bootcamp-python\aula_9_bootcamp_python\log_decorator.py", line 27, in wrapper
    result = func(*args, **kwargs)
             │     │       └ {}
             │     └ (            Produto    Categoria  Quantidade  Venda        Data  Total
             │       0    Notebook Gamer  Eletrônicos           3   1500  ...
             └ <function carregar_dados at 0x0000011967A4E5C0>

  File "D:\bootcamp-python\aula_9_bootcamp_python\etl.py", line 28, in carregar_dados
    df.to_parquet('dados.parquet', index=False)
    │  └ <function DataFrame.to_parquet at 0x00000119664CAAC0>
    └             Produto    Categoria  Quantidade  Venda        Data  Total
      0    Notebook Gamer  Eletrônicos           3   1500  2...

  File "D:\bootcamp-python\aula_9_bootcamp_python\.venv\Lib\site-packages\pandas\util\_decorators.py", line 333, in wrapper
    return func(*args, **kwargs)
           │     │       └ {'index': False}
           │     └ (            Produto    Categoria  Quantidade  Venda        Data  Total
           │       0    Notebook Gamer  Eletrônicos           3   1500  ...
           └ <function DataFrame.to_parquet at 0x00000119664CA980>
  File "D:\bootcamp-python\aula_9_bootcamp_python\.venv\Lib\site-packages\pandas\core\frame.py", line 3113, in to_parquet
    return to_parquet(
           └ <function to_parquet at 0x00000119667276A0>
  File "D:\bootcamp-python\aula_9_bootcamp_python\.venv\Lib\site-packages\pandas\io\parquet.py", line 476, in to_parquet
    impl = get_engine(engine)
           │          └ 'auto'
           └ <function get_engine at 0x00000119666DDEE0>
  File "D:\bootcamp-python\aula_9_bootcamp_python\.venv\Lib\site-packages\pandas\io\parquet.py", line 67, in get_engine
    raise ImportError(

ImportError: Unable to find a usable engine; tried using: 'pyarrow', 'fastparquet'.
A suitable version of pyarrow or fastparquet is required for parquet support.
Trying to import the above resulted in these errors:
 - Missing optional dependency 'pyarrow'. pyarrow is required for parquet support. Use pip or conda to install pyarrow.
 - Missing optional dependency 'fastparquet'. fastparquet is required for parquet support. Use pip or conda to install fastparquet.
2025-02-10T00:27:44.143499-0300 ERROR Exceção capturada em 'pipeline_calcular_kpi_vendas_consolidada': Unable to find a usable engine; tried using: 'pyarrow', 'fastparquet'.
A suitable version of pyarrow or fastparquet is required for parquet support.
Trying to import the above resulted in these errors:
 - Missing optional dependency 'pyarrow'. pyarrow is required for parquet support. Use pip or conda to install pyarrow.
 - Missing optional dependency 'fastparquet'. fastparquet is required for parquet support. Use pip or conda to install fastparquet. log_decorator.py
Traceback (most recent call last):

  File "D:\bootcamp-python\aula_9_bootcamp_python\pipeline.py", line 7, in <module>
    pipeline_calcular_kpi_vendas_consolidada(pasta,formato_saida)
    │                                        │     └ ['csv', 'parquet']
    │                                        └ 'data'
    └ <function pipeline_calcular_kpi_vendas_consolidada at 0x0000011967A6DA80>

> File "D:\bootcamp-python\aula_9_bootcamp_python\log_decorator.py", line 27, in wrapper
    result = func(*args, **kwargs)
             │     │       └ {}
             │     └ ('data', ['csv', 'parquet'])
             └ <function pipeline_calcular_kpi_vendas_consolidada at 0x0000011967A6D9E0>

  File "D:\bootcamp-python\aula_9_bootcamp_python\etl.py", line 34, in pipeline_calcular_kpi_vendas_consolidada
    carregar_dados(df_transformado, formato_saida)
    │              │                └ ['csv', 'parquet']
    │              └             Produto    Categoria  Quantidade  Venda        Data  Total
    │                0    Notebook Gamer  Eletrônicos           3   1500  2...
    └ <function carregar_dados at 0x0000011967A6D940>

  File "D:\bootcamp-python\aula_9_bootcamp_python\log_decorator.py", line 27, in wrapper
    result = func(*args, **kwargs)
             │     │       └ {}
             │     └ (            Produto    Categoria  Quantidade  Venda        Data  Total
             │       0    Notebook Gamer  Eletrônicos           3   1500  ...
             └ <function carregar_dados at 0x0000011967A4E5C0>

  File "D:\bootcamp-python\aula_9_bootcamp_python\etl.py", line 28, in carregar_dados
    df.to_parquet('dados.parquet', index=False)
    │  └ <function DataFrame.to_parquet at 0x00000119664CAAC0>
    └             Produto    Categoria  Quantidade  Venda        Data  Total
      0    Notebook Gamer  Eletrônicos           3   1500  2...

  File "D:\bootcamp-python\aula_9_bootcamp_python\.venv\Lib\site-packages\pandas\util\_decorators.py", line 333, in wrapper
    return func(*args, **kwargs)
           │     │       └ {'index': False}
           │     └ (            Produto    Categoria  Quantidade  Venda        Data  Total
           │       0    Notebook Gamer  Eletrônicos           3   1500  ...
           └ <function DataFrame.to_parquet at 0x00000119664CA980>
  File "D:\bootcamp-python\aula_9_bootcamp_python\.venv\Lib\site-packages\pandas\core\frame.py", line 3113, in to_parquet
    return to_parquet(
           └ <function to_parquet at 0x00000119667276A0>
  File "D:\bootcamp-python\aula_9_bootcamp_python\.venv\Lib\site-packages\pandas\io\parquet.py", line 476, in to_parquet
    impl = get_engine(engine)
           │          └ 'auto'
           └ <function get_engine at 0x00000119666DDEE0>
  File "D:\bootcamp-python\aula_9_bootcamp_python\.venv\Lib\site-packages\pandas\io\parquet.py", line 67, in get_engine
    raise ImportError(

ImportError: Unable to find a usable engine; tried using: 'pyarrow', 'fastparquet'.
A suitable version of pyarrow or fastparquet is required for parquet support.
Trying to import the above resulted in these errors:
 - Missing optional dependency 'pyarrow'. pyarrow is required for parquet support. Use pip or conda to install pyarrow.
 - Missing optional dependency 'fastparquet'. fastparquet is required for parquet support. Use pip or conda to install fastparquet.
